{"/home/runner/workspace/src/index.ts": {"path":"/home/runner/workspace/src/index.ts","statementMap":{},"fnMap":{},"branchMap":{},"s":{},"f":{},"b":{},"meta":{"lastBranch":0,"lastFunction":0,"lastStatement":0,"seen":{}}}
,"/home/runner/workspace/src/engine/index.ts": {"path":"/home/runner/workspace/src/engine/index.ts","statementMap":{},"fnMap":{},"branchMap":{},"s":{},"f":{},"b":{},"meta":{"lastBranch":0,"lastFunction":0,"lastStatement":0,"seen":{}}}
,"/home/runner/workspace/src/engine/resolver.ts": {"path":"/home/runner/workspace/src/engine/resolver.ts","statementMap":{"0":{"start":{"line":13,"column":2},"end":{"line":13,"column":null}},"1":{"start":{"line":13,"column":22},"end":{"line":13,"column":null}},"2":{"start":{"line":15,"column":2},"end":{"line":18,"column":null}},"3":{"start":{"line":16,"column":26},"end":{"line":16,"column":null}},"4":{"start":{"line":17,"column":4},"end":{"line":17,"column":null}},"5":{"start":{"line":17,"column":40},"end":{"line":17,"column":null}},"6":{"start":{"line":20,"column":2},"end":{"line":23,"column":null}},"7":{"start":{"line":21,"column":27},"end":{"line":21,"column":null}},"8":{"start":{"line":22,"column":4},"end":{"line":22,"column":null}},"9":{"start":{"line":22,"column":41},"end":{"line":22,"column":null}},"10":{"start":{"line":25,"column":2},"end":{"line":25,"column":null}},"11":{"start":{"line":29,"column":2},"end":{"line":31,"column":null}},"12":{"start":{"line":30,"column":4},"end":{"line":30,"column":null}},"13":{"start":{"line":33,"column":2},"end":{"line":35,"column":null}},"14":{"start":{"line":34,"column":4},"end":{"line":34,"column":null}},"15":{"start":{"line":37,"column":2},"end":{"line":39,"column":null}},"16":{"start":{"line":38,"column":4},"end":{"line":38,"column":null}},"17":{"start":{"line":41,"column":2},"end":{"line":43,"column":null}},"18":{"start":{"line":42,"column":4},"end":{"line":42,"column":null}},"19":{"start":{"line":45,"column":2},"end":{"line":45,"column":null}},"20":{"start":{"line":49,"column":2},"end":{"line":58,"column":null}},"21":{"start":{"line":50,"column":10},"end":{"line":50,"column":null}},"22":{"start":{"line":51,"column":10},"end":{"line":51,"column":null}},"23":{"start":{"line":53,"column":4},"end":{"line":55,"column":null}},"24":{"start":{"line":54,"column":6},"end":{"line":54,"column":null}},"25":{"start":{"line":57,"column":4},"end":{"line":57,"column":null}},"26":{"start":{"line":64,"column":19},"end":{"line":64,"column":null}},"27":{"start":{"line":65,"column":24},"end":{"line":65,"column":null}},"28":{"start":{"line":67,"column":2},"end":{"line":91,"column":null}},"29":{"start":{"line":67,"column":15},"end":{"line":67,"column":18}},"30":{"start":{"line":68,"column":24},"end":{"line":68,"column":null}},"31":{"start":{"line":70,"column":4},"end":{"line":88,"column":null}},"32":{"start":{"line":71,"column":6},"end":{"line":87,"column":null}},"33":{"start":{"line":76,"column":26},"end":{"line":76,"column":null}},"34":{"start":{"line":77,"column":32},"end":{"line":77,"column":null}},"35":{"start":{"line":79,"column":8},"end":{"line":86,"column":null}},"36":{"start":{"line":80,"column":10},"end":{"line":84,"column":null}},"37":{"start":{"line":85,"column":10},"end":{"line":85,"column":null}},"38":{"start":{"line":90,"column":4},"end":{"line":90,"column":null}},"39":{"start":{"line":90,"column":24},"end":{"line":90,"column":null}},"40":{"start":{"line":93,"column":2},"end":{"line":93,"column":null}},"41":{"start":{"line":100,"column":25},"end":{"line":102,"column":null}},"42":{"start":{"line":104,"column":23},"end":{"line":106,"column":null}},"43":{"start":{"line":105,"column":15},"end":{"line":105,"column":null}},"44":{"start":{"line":108,"column":23},"end":{"line":108,"column":null}},"45":{"start":{"line":110,"column":48},"end":{"line":110,"column":null}},"46":{"start":{"line":111,"column":34},"end":{"line":111,"column":null}},"47":{"start":{"line":113,"column":2},"end":{"line":124,"column":null}},"48":{"start":{"line":114,"column":4},"end":{"line":114,"column":null}},"49":{"start":{"line":116,"column":4},"end":{"line":123,"column":null}},"50":{"start":{"line":117,"column":6},"end":{"line":122,"column":null}},"51":{"start":{"line":126,"column":25},"end":{"line":126,"column":null}},"52":{"start":{"line":128,"column":8},"end":{"line":128,"column":null}},"53":{"start":{"line":130,"column":37},"end":{"line":136,"column":null}},"54":{"start":{"line":138,"column":2},"end":{"line":138,"column":null}}},"fnMap":{"0":{"name":"isLayerActive","decl":{"start":{"line":12,"column":9},"end":{"line":12,"column":23}},"loc":{"start":{"line":12,"column":76},"end":{"line":26,"column":null}},"line":12},"1":{"name":"isLayerApplicable","decl":{"start":{"line":28,"column":9},"end":{"line":28,"column":27}},"loc":{"start":{"line":28,"column":84},"end":{"line":46,"column":null}},"line":28},"2":{"name":"sortLayers","decl":{"start":{"line":48,"column":9},"end":{"line":48,"column":20}},"loc":{"start":{"line":48,"column":62},"end":{"line":59,"column":null}},"line":48},"3":{"name":"(anonymous_3)","decl":{"start":{"line":49,"column":26},"end":{"line":49,"column":27}},"loc":{"start":{"line":49,"column":36},"end":{"line":58,"column":3}},"line":49},"4":{"name":"resolveSemanticTokens","decl":{"start":{"line":61,"column":9},"end":{"line":61,"column":null}},"loc":{"start":{"line":63,"column":33},"end":{"line":94,"column":null}},"line":63},"5":{"name":"resolveBranding","decl":{"start":{"line":96,"column":16},"end":{"line":96,"column":null}},"loc":{"start":{"line":99,"column":20},"end":{"line":139,"column":null}},"line":99},"6":{"name":"(anonymous_6)","decl":{"start":{"line":105,"column":4},"end":{"line":105,"column":5}},"loc":{"start":{"line":105,"column":15},"end":{"line":105,"column":null}},"line":105}},"branchMap":{"0":{"loc":{"start":{"line":13,"column":2},"end":{"line":13,"column":null}},"type":"if","locations":[{"start":{"line":13,"column":2},"end":{"line":13,"column":null}},{"start":{},"end":{}}],"line":13},"1":{"loc":{"start":{"line":15,"column":2},"end":{"line":18,"column":null}},"type":"if","locations":[{"start":{"line":15,"column":2},"end":{"line":18,"column":null}},{"start":{},"end":{}}],"line":15},"2":{"loc":{"start":{"line":17,"column":4},"end":{"line":17,"column":null}},"type":"if","locations":[{"start":{"line":17,"column":4},"end":{"line":17,"column":null}},{"start":{},"end":{}}],"line":17},"3":{"loc":{"start":{"line":20,"column":2},"end":{"line":23,"column":null}},"type":"if","locations":[{"start":{"line":20,"column":2},"end":{"line":23,"column":null}},{"start":{},"end":{}}],"line":20},"4":{"loc":{"start":{"line":22,"column":4},"end":{"line":22,"column":null}},"type":"if","locations":[{"start":{"line":22,"column":4},"end":{"line":22,"column":null}},{"start":{},"end":{}}],"line":22},"5":{"loc":{"start":{"line":29,"column":2},"end":{"line":31,"column":null}},"type":"if","locations":[{"start":{"line":29,"column":2},"end":{"line":31,"column":null}},{"start":{},"end":{}}],"line":29},"6":{"loc":{"start":{"line":29,"column":6},"end":{"line":29,"column":61}},"type":"binary-expr","locations":[{"start":{"line":29,"column":6},"end":{"line":29,"column":24}},{"start":{"line":29,"column":24},"end":{"line":29,"column":61}}],"line":29},"7":{"loc":{"start":{"line":33,"column":2},"end":{"line":35,"column":null}},"type":"if","locations":[{"start":{"line":33,"column":2},"end":{"line":35,"column":null}},{"start":{},"end":{}}],"line":33},"8":{"loc":{"start":{"line":33,"column":6},"end":{"line":33,"column":64}},"type":"binary-expr","locations":[{"start":{"line":33,"column":6},"end":{"line":33,"column":25}},{"start":{"line":33,"column":25},"end":{"line":33,"column":64}}],"line":33},"9":{"loc":{"start":{"line":37,"column":2},"end":{"line":39,"column":null}},"type":"if","locations":[{"start":{"line":37,"column":2},"end":{"line":39,"column":null}},{"start":{},"end":{}}],"line":37},"10":{"loc":{"start":{"line":37,"column":6},"end":{"line":37,"column":58}},"type":"binary-expr","locations":[{"start":{"line":37,"column":6},"end":{"line":37,"column":23}},{"start":{"line":37,"column":23},"end":{"line":37,"column":58}}],"line":37},"11":{"loc":{"start":{"line":41,"column":2},"end":{"line":43,"column":null}},"type":"if","locations":[{"start":{"line":41,"column":2},"end":{"line":43,"column":null}},{"start":{},"end":{}}],"line":41},"12":{"loc":{"start":{"line":41,"column":6},"end":{"line":41,"column":70}},"type":"binary-expr","locations":[{"start":{"line":41,"column":6},"end":{"line":41,"column":27}},{"start":{"line":41,"column":27},"end":{"line":41,"column":70}}],"line":41},"13":{"loc":{"start":{"line":53,"column":4},"end":{"line":55,"column":null}},"type":"if","locations":[{"start":{"line":53,"column":4},"end":{"line":55,"column":null}},{"start":{},"end":{}}],"line":53},"14":{"loc":{"start":{"line":71,"column":6},"end":{"line":87,"column":null}},"type":"if","locations":[{"start":{"line":71,"column":6},"end":{"line":87,"column":null}},{"start":{},"end":{}}],"line":71},"15":{"loc":{"start":{"line":72,"column":8},"end":{"line":74,"column":null}},"type":"binary-expr","locations":[{"start":{"line":72,"column":8},"end":{"line":72,"column":null}},{"start":{"line":73,"column":8},"end":{"line":73,"column":null}},{"start":{"line":74,"column":8},"end":{"line":74,"column":null}}],"line":72},"16":{"loc":{"start":{"line":79,"column":8},"end":{"line":86,"column":null}},"type":"if","locations":[{"start":{"line":79,"column":8},"end":{"line":86,"column":null}},{"start":{},"end":{}}],"line":79},"17":{"loc":{"start":{"line":79,"column":12},"end":{"line":79,"column":70}},"type":"binary-expr","locations":[{"start":{"line":79,"column":12},"end":{"line":79,"column":31}},{"start":{"line":79,"column":31},"end":{"line":79,"column":70}}],"line":79},"18":{"loc":{"start":{"line":90,"column":4},"end":{"line":90,"column":null}},"type":"if","locations":[{"start":{"line":90,"column":4},"end":{"line":90,"column":null}},{"start":{},"end":{}}],"line":90},"19":{"loc":{"start":{"line":100,"column":25},"end":{"line":102,"column":null}},"type":"cond-expr","locations":[{"start":{"line":101,"column":6},"end":{"line":101,"column":null}},{"start":{"line":102,"column":6},"end":{"line":102,"column":null}}],"line":100},"20":{"loc":{"start":{"line":105,"column":15},"end":{"line":105,"column":null}},"type":"binary-expr","locations":[{"start":{"line":105,"column":15},"end":{"line":105,"column":55}},{"start":{"line":105,"column":55},"end":{"line":105,"column":null}}],"line":105}},"s":{"0":149,"1":1,"2":148,"3":2,"4":2,"5":1,"6":147,"7":14,"8":14,"9":13,"10":134,"11":134,"12":9,"13":125,"14":0,"15":125,"16":0,"17":125,"18":0,"19":125,"20":48,"21":77,"22":77,"23":77,"24":76,"25":1,"26":48,"27":48,"28":48,"29":48,"30":51,"31":51,"32":126,"33":4,"34":4,"35":4,"36":4,"37":4,"38":51,"39":48,"40":48,"41":48,"42":48,"43":149,"44":48,"45":48,"46":48,"47":48,"48":125,"49":125,"50":181,"51":48,"52":48,"53":48,"54":48},"f":{"0":149,"1":134,"2":48,"3":77,"4":48,"5":48,"6":149},"b":{"0":[1,148],"1":[2,146],"2":[1,1],"3":[14,133],"4":[13,1],"5":[9,125],"6":[134,47],"7":[0,125],"8":[125,13],"9":[0,125],"10":[125,13],"11":[0,125],"12":[125,13],"13":[76,1],"14":[4,122],"15":[126,126,4],"16":[4,0],"17":[4,4],"18":[48,3],"19":[48,0],"20":[149,134]},"meta":{"lastBranch":21,"lastFunction":7,"lastStatement":55,"seen":{"f:12:9:12:23":0,"b:13:2:13:Infinity:undefined:undefined:undefined:undefined":0,"s:13:2:13:Infinity":0,"s:13:22:13:Infinity":1,"b:15:2:18:Infinity:undefined:undefined:undefined:undefined":1,"s:15:2:18:Infinity":2,"s:16:26:16:Infinity":3,"b:17:4:17:Infinity:undefined:undefined:undefined:undefined":2,"s:17:4:17:Infinity":4,"s:17:40:17:Infinity":5,"b:20:2:23:Infinity:undefined:undefined:undefined:undefined":3,"s:20:2:23:Infinity":6,"s:21:27:21:Infinity":7,"b:22:4:22:Infinity:undefined:undefined:undefined:undefined":4,"s:22:4:22:Infinity":8,"s:22:41:22:Infinity":9,"s:25:2:25:Infinity":10,"f:28:9:28:27":1,"b:29:2:31:Infinity:undefined:undefined:undefined:undefined":5,"s:29:2:31:Infinity":11,"b:29:6:29:24:29:24:29:61":6,"s:30:4:30:Infinity":12,"b:33:2:35:Infinity:undefined:undefined:undefined:undefined":7,"s:33:2:35:Infinity":13,"b:33:6:33:25:33:25:33:64":8,"s:34:4:34:Infinity":14,"b:37:2:39:Infinity:undefined:undefined:undefined:undefined":9,"s:37:2:39:Infinity":15,"b:37:6:37:23:37:23:37:58":10,"s:38:4:38:Infinity":16,"b:41:2:43:Infinity:undefined:undefined:undefined:undefined":11,"s:41:2:43:Infinity":17,"b:41:6:41:27:41:27:41:70":12,"s:42:4:42:Infinity":18,"s:45:2:45:Infinity":19,"f:48:9:48:20":2,"s:49:2:58:Infinity":20,"f:49:26:49:27":3,"s:50:10:50:Infinity":21,"s:51:10:51:Infinity":22,"b:53:4:55:Infinity:undefined:undefined:undefined:undefined":13,"s:53:4:55:Infinity":23,"s:54:6:54:Infinity":24,"s:57:4:57:Infinity":25,"f:61:9:61:Infinity":4,"s:64:19:64:Infinity":26,"s:65:24:65:Infinity":27,"s:67:2:91:Infinity":28,"s:67:15:67:18":29,"s:68:24:68:Infinity":30,"s:70:4:88:Infinity":31,"b:71:6:87:Infinity:undefined:undefined:undefined:undefined":14,"s:71:6:87:Infinity":32,"b:72:8:72:Infinity:73:8:73:Infinity:74:8:74:Infinity":15,"s:76:26:76:Infinity":33,"s:77:32:77:Infinity":34,"b:79:8:86:Infinity:undefined:undefined:undefined:undefined":16,"s:79:8:86:Infinity":35,"b:79:12:79:31:79:31:79:70":17,"s:80:10:84:Infinity":36,"s:85:10:85:Infinity":37,"b:90:4:90:Infinity:undefined:undefined:undefined:undefined":18,"s:90:4:90:Infinity":38,"s:90:24:90:Infinity":39,"s:93:2:93:Infinity":40,"f:96:16:96:Infinity":5,"s:100:25:102:Infinity":41,"b:101:6:101:Infinity:102:6:102:Infinity":19,"s:104:23:106:Infinity":42,"f:105:4:105:5":6,"s:105:15:105:Infinity":43,"b:105:15:105:55:105:55:105:Infinity":20,"s:108:23:108:Infinity":44,"s:110:48:110:Infinity":45,"s:111:34:111:Infinity":46,"s:113:2:124:Infinity":47,"s:114:4:114:Infinity":48,"s:116:4:123:Infinity":49,"s:117:6:122:Infinity":50,"s:126:25:126:Infinity":51,"s:128:8:128:Infinity":52,"s:130:37:136:Infinity":53,"s:138:2:138:Infinity":54}}}
,"/home/runner/workspace/src/engine/snapshot.ts": {"path":"/home/runner/workspace/src/engine/snapshot.ts","statementMap":{"0":{"start":{"line":20,"column":8},"end":{"line":20,"column":null}},"1":{"start":{"line":21,"column":8},"end":{"line":21,"column":null}},"2":{"start":{"line":23,"column":19},"end":{"line":23,"column":null}},"3":{"start":{"line":23,"column":37},"end":{"line":23,"column":41}},"4":{"start":{"line":25,"column":23},"end":{"line":31,"column":null}},"5":{"start":{"line":33,"column":8},"end":{"line":33,"column":null}},"6":{"start":{"line":34,"column":8},"end":{"line":34,"column":null}},"7":{"start":{"line":36,"column":37},"end":{"line":40,"column":null}},"8":{"start":{"line":42,"column":2},"end":{"line":42,"column":null}},"9":{"start":{"line":46,"column":27},"end":{"line":46,"column":null}},"10":{"start":{"line":48,"column":2},"end":{"line":53,"column":null}},"11":{"start":{"line":49,"column":4},"end":{"line":49,"column":null}},"12":{"start":{"line":51,"column":4},"end":{"line":51,"column":null}},"13":{"start":{"line":52,"column":4},"end":{"line":52,"column":null}},"14":{"start":{"line":55,"column":63},"end":{"line":55,"column":null}},"15":{"start":{"line":56,"column":8},"end":{"line":56,"column":null}},"16":{"start":{"line":58,"column":2},"end":{"line":60,"column":null}},"17":{"start":{"line":59,"column":4},"end":{"line":59,"column":null}},"18":{"start":{"line":62,"column":8},"end":{"line":62,"column":null}},"19":{"start":{"line":63,"column":2},"end":{"line":65,"column":null}},"20":{"start":{"line":64,"column":4},"end":{"line":64,"column":null}},"21":{"start":{"line":67,"column":2},"end":{"line":72,"column":null}},"22":{"start":{"line":68,"column":23},"end":{"line":68,"column":null}},"23":{"start":{"line":69,"column":4},"end":{"line":71,"column":null}},"24":{"start":{"line":70,"column":6},"end":{"line":70,"column":null}},"25":{"start":{"line":74,"column":2},"end":{"line":77,"column":null}},"26":{"start":{"line":84,"column":23},"end":{"line":84,"column":null}},"27":{"start":{"line":85,"column":2},"end":{"line":87,"column":null}},"28":{"start":{"line":86,"column":4},"end":{"line":86,"column":null}},"29":{"start":{"line":89,"column":2},"end":{"line":103,"column":null}},"30":{"start":{"line":90,"column":21},"end":{"line":90,"column":null}},"31":{"start":{"line":91,"column":25},"end":{"line":91,"column":null}},"32":{"start":{"line":93,"column":4},"end":{"line":95,"column":null}},"33":{"start":{"line":94,"column":6},"end":{"line":94,"column":null}},"34":{"start":{"line":97,"column":4},"end":{"line":102,"column":null}},"35":{"start":{"line":98,"column":25},"end":{"line":98,"column":null}},"36":{"start":{"line":99,"column":6},"end":{"line":101,"column":null}},"37":{"start":{"line":100,"column":8},"end":{"line":100,"column":null}},"38":{"start":{"line":105,"column":2},"end":{"line":105,"column":null}}},"fnMap":{"0":{"name":"generateBrandingSnapshot","decl":{"start":{"line":16,"column":16},"end":{"line":16,"column":null}},"loc":{"start":{"line":19,"column":20},"end":{"line":43,"column":null}},"line":19},"1":{"name":"(anonymous_1)","decl":{"start":{"line":23,"column":30},"end":{"line":23,"column":31}},"loc":{"start":{"line":23,"column":37},"end":{"line":23,"column":41}},"line":23},"2":{"name":"verifyBrandingSnapshot","decl":{"start":{"line":45,"column":16},"end":{"line":45,"column":39}},"loc":{"start":{"line":45,"column":95},"end":{"line":78,"column":null}},"line":45},"3":{"name":"resolveFromSnapshot","decl":{"start":{"line":80,"column":16},"end":{"line":80,"column":null}},"loc":{"start":{"line":83,"column":20},"end":{"line":106,"column":null}},"line":83}},"branchMap":{"0":{"loc":{"start":{"line":58,"column":2},"end":{"line":60,"column":null}},"type":"if","locations":[{"start":{"line":58,"column":2},"end":{"line":60,"column":null}},{"start":{},"end":{}}],"line":58},"1":{"loc":{"start":{"line":63,"column":2},"end":{"line":65,"column":null}},"type":"if","locations":[{"start":{"line":63,"column":2},"end":{"line":65,"column":null}},{"start":{},"end":{}}],"line":63},"2":{"loc":{"start":{"line":67,"column":2},"end":{"line":72,"column":null}},"type":"if","locations":[{"start":{"line":67,"column":2},"end":{"line":72,"column":null}},{"start":{},"end":{}}],"line":67},"3":{"loc":{"start":{"line":69,"column":4},"end":{"line":71,"column":null}},"type":"if","locations":[{"start":{"line":69,"column":4},"end":{"line":71,"column":null}},{"start":{},"end":{}}],"line":69},"4":{"loc":{"start":{"line":85,"column":2},"end":{"line":87,"column":null}},"type":"if","locations":[{"start":{"line":85,"column":2},"end":{"line":87,"column":null}},{"start":{},"end":{}}],"line":85},"5":{"loc":{"start":{"line":89,"column":2},"end":{"line":103,"column":null}},"type":"if","locations":[{"start":{"line":89,"column":2},"end":{"line":103,"column":null}},{"start":{},"end":{}}],"line":89},"6":{"loc":{"start":{"line":93,"column":4},"end":{"line":95,"column":null}},"type":"if","locations":[{"start":{"line":93,"column":4},"end":{"line":95,"column":null}},{"start":{},"end":{}}],"line":93},"7":{"loc":{"start":{"line":97,"column":4},"end":{"line":102,"column":null}},"type":"if","locations":[{"start":{"line":97,"column":4},"end":{"line":102,"column":null}},{"start":{},"end":{}}],"line":97},"8":{"loc":{"start":{"line":99,"column":6},"end":{"line":101,"column":null}},"type":"if","locations":[{"start":{"line":99,"column":6},"end":{"line":101,"column":null}},{"start":{},"end":{}}],"line":99}},"s":{"0":18,"1":18,"2":18,"3":79,"4":18,"5":18,"6":18,"7":18,"8":18,"9":7,"10":7,"11":7,"12":0,"13":0,"14":7,"15":7,"16":7,"17":2,"18":7,"19":7,"20":2,"21":7,"22":0,"23":0,"24":0,"25":7,"26":3,"27":3,"28":1,"29":2,"30":0,"31":0,"32":0,"33":0,"34":0,"35":0,"36":0,"37":0,"38":2},"f":{"0":18,"1":79,"2":7,"3":3},"b":{"0":[2,5],"1":[2,5],"2":[0,7],"3":[0,0],"4":[1,2],"5":[0,2],"6":[0,0],"7":[0,0],"8":[0,0]},"meta":{"lastBranch":9,"lastFunction":4,"lastStatement":39,"seen":{"f:16:16:16:Infinity":0,"s:20:8:20:Infinity":0,"s:21:8:21:Infinity":1,"s:23:19:23:Infinity":2,"f:23:30:23:31":1,"s:23:37:23:41":3,"s:25:23:31:Infinity":4,"s:33:8:33:Infinity":5,"s:34:8:34:Infinity":6,"s:36:37:40:Infinity":7,"s:42:2:42:Infinity":8,"f:45:16:45:39":2,"s:46:27:46:Infinity":9,"s:48:2:53:Infinity":10,"s:49:4:49:Infinity":11,"s:51:4:51:Infinity":12,"s:52:4:52:Infinity":13,"s:55:63:55:Infinity":14,"s:56:8:56:Infinity":15,"b:58:2:60:Infinity:undefined:undefined:undefined:undefined":0,"s:58:2:60:Infinity":16,"s:59:4:59:Infinity":17,"s:62:8:62:Infinity":18,"b:63:2:65:Infinity:undefined:undefined:undefined:undefined":1,"s:63:2:65:Infinity":19,"s:64:4:64:Infinity":20,"b:67:2:72:Infinity:undefined:undefined:undefined:undefined":2,"s:67:2:72:Infinity":21,"s:68:23:68:Infinity":22,"b:69:4:71:Infinity:undefined:undefined:undefined:undefined":3,"s:69:4:71:Infinity":23,"s:70:6:70:Infinity":24,"s:74:2:77:Infinity":25,"f:80:16:80:Infinity":3,"s:84:23:84:Infinity":26,"b:85:2:87:Infinity:undefined:undefined:undefined:undefined":4,"s:85:2:87:Infinity":27,"s:86:4:86:Infinity":28,"b:89:2:103:Infinity:undefined:undefined:undefined:undefined":5,"s:89:2:103:Infinity":29,"s:90:21:90:Infinity":30,"s:91:25:91:Infinity":31,"b:93:4:95:Infinity:undefined:undefined:undefined:undefined":6,"s:93:4:95:Infinity":32,"s:94:6:94:Infinity":33,"b:97:4:102:Infinity:undefined:undefined:undefined:undefined":7,"s:97:4:102:Infinity":34,"s:98:25:98:Infinity":35,"b:99:6:101:Infinity:undefined:undefined:undefined:undefined":8,"s:99:6:101:Infinity":36,"s:100:8:100:Infinity":37,"s:105:2:105:Infinity":38}}}
,"/home/runner/workspace/src/models/branding.ts": {"path":"/home/runner/workspace/src/models/branding.ts","statementMap":{"0":{"start":{"line":4,"column":36},"end":{"line":11,"column":null}},"1":{"start":{"line":13,"column":40},"end":{"line":20,"column":null}},"2":{"start":{"line":22,"column":35},"end":{"line":35,"column":null}},"3":{"start":{"line":37,"column":37},"end":{"line":44,"column":null}},"4":{"start":{"line":46,"column":35},"end":{"line":52,"column":null}},"5":{"start":{"line":54,"column":38},"end":{"line":60,"column":null}},"6":{"start":{"line":62,"column":38},"end":{"line":71,"column":null}},"7":{"start":{"line":81,"column":58},"end":{"line":88,"column":null}},"8":{"start":{"line":91,"column":2},"end":{"line":91,"column":null}}},"fnMap":{"0":{"name":"getHierarchyPriority","decl":{"start":{"line":90,"column":16},"end":{"line":90,"column":37}},"loc":{"start":{"line":90,"column":68},"end":{"line":92,"column":null}},"line":90}},"branchMap":{},"s":{"0":1,"1":1,"2":1,"3":1,"4":1,"5":1,"6":1,"7":1,"8":154},"f":{"0":154},"b":{},"meta":{"lastBranch":0,"lastFunction":1,"lastStatement":9,"seen":{"s:4:36:11:Infinity":0,"s:13:40:20:Infinity":1,"s:22:35:35:Infinity":2,"s:37:37:44:Infinity":3,"s:46:35:52:Infinity":4,"s:54:38:60:Infinity":5,"s:62:38:71:Infinity":6,"s:81:58:88:Infinity":7,"f:90:16:90:37":0,"s:91:2:91:Infinity":8}}}
,"/home/runner/workspace/src/models/index.ts": {"path":"/home/runner/workspace/src/models/index.ts","statementMap":{},"fnMap":{},"branchMap":{},"s":{},"f":{},"b":{},"meta":{"lastBranch":0,"lastFunction":0,"lastStatement":0,"seen":{}}}
,"/home/runner/workspace/src/models/tokens.ts": {"path":"/home/runner/workspace/src/models/tokens.ts","statementMap":{"0":{"start":{"line":3,"column":36},"end":{"line":8,"column":null}},"1":{"start":{"line":10,"column":35},"end":{"line":15,"column":null}},"2":{"start":{"line":17,"column":32},"end":{"line":22,"column":null}},"3":{"start":{"line":24,"column":37},"end":{"line":29,"column":null}},"4":{"start":{"line":31,"column":27},"end":{"line":36,"column":null}}},"fnMap":{},"branchMap":{},"s":{"0":1,"1":1,"2":1,"3":1,"4":1},"f":{},"b":{},"meta":{"lastBranch":0,"lastFunction":0,"lastStatement":5,"seen":{"s:3:36:8:Infinity":0,"s:10:35:15:Infinity":1,"s:17:32:22:Infinity":2,"s:24:37:29:Infinity":3,"s:31:27:36:Infinity":4}}}
,"/home/runner/workspace/src/utils/hash.ts": {"path":"/home/runner/workspace/src/utils/hash.ts","statementMap":{"0":{"start":{"line":4,"column":2},"end":{"line":6,"column":null}},"1":{"start":{"line":5,"column":4},"end":{"line":5,"column":null}},"2":{"start":{"line":8,"column":2},"end":{"line":10,"column":null}},"3":{"start":{"line":9,"column":4},"end":{"line":9,"column":null}},"4":{"start":{"line":12,"column":2},"end":{"line":14,"column":null}},"5":{"start":{"line":13,"column":4},"end":{"line":13,"column":null}},"6":{"start":{"line":16,"column":15},"end":{"line":16,"column":null}},"7":{"start":{"line":17,"column":16},"end":{"line":20,"column":null}},"8":{"start":{"line":18,"column":19},"end":{"line":18,"column":null}},"9":{"start":{"line":19,"column":4},"end":{"line":19,"column":null}},"10":{"start":{"line":22,"column":2},"end":{"line":22,"column":null}},"11":{"start":{"line":26,"column":2},"end":{"line":26,"column":null}},"12":{"start":{"line":30,"column":15},"end":{"line":30,"column":null}},"13":{"start":{"line":31,"column":2},"end":{"line":31,"column":null}},"14":{"start":{"line":35,"column":2},"end":{"line":35,"column":null}}},"fnMap":{"0":{"name":"canonicalStringify","decl":{"start":{"line":3,"column":16},"end":{"line":3,"column":35}},"loc":{"start":{"line":3,"column":57},"end":{"line":23,"column":null}},"line":3},"1":{"name":"(anonymous_1)","decl":{"start":{"line":17,"column":25},"end":{"line":17,"column":26}},"loc":{"start":{"line":17,"column":34},"end":{"line":20,"column":3}},"line":17},"2":{"name":"sha256","decl":{"start":{"line":25,"column":16},"end":{"line":25,"column":23}},"loc":{"start":{"line":25,"column":45},"end":{"line":27,"column":null}},"line":25},"3":{"name":"generateSnapshotId","decl":{"start":{"line":29,"column":16},"end":{"line":29,"column":35}},"loc":{"start":{"line":29,"column":80},"end":{"line":32,"column":null}},"line":29},"4":{"name":"computeChecksum","decl":{"start":{"line":34,"column":16},"end":{"line":34,"column":32}},"loc":{"start":{"line":34,"column":55},"end":{"line":36,"column":null}},"line":34}},"branchMap":{"0":{"loc":{"start":{"line":4,"column":2},"end":{"line":6,"column":null}},"type":"if","locations":[{"start":{"line":4,"column":2},"end":{"line":6,"column":null}},{"start":{},"end":{}}],"line":4},"1":{"loc":{"start":{"line":4,"column":6},"end":{"line":4,"column":41}},"type":"binary-expr","locations":[{"start":{"line":4,"column":6},"end":{"line":4,"column":22}},{"start":{"line":4,"column":22},"end":{"line":4,"column":41}}],"line":4},"2":{"loc":{"start":{"line":8,"column":2},"end":{"line":10,"column":null}},"type":"if","locations":[{"start":{"line":8,"column":2},"end":{"line":10,"column":null}},{"start":{},"end":{}}],"line":8},"3":{"loc":{"start":{"line":12,"column":2},"end":{"line":14,"column":null}},"type":"if","locations":[{"start":{"line":12,"column":2},"end":{"line":14,"column":null}},{"start":{},"end":{}}],"line":12}},"s":{"0":1368,"1":0,"2":1368,"3":1025,"4":343,"5":50,"6":293,"7":293,"8":1093,"9":1093,"10":293,"11":98,"12":25,"13":25,"14":25},"f":{"0":1368,"1":1093,"2":98,"3":25,"4":25},"b":{"0":[0,1368],"1":[1368,1368],"2":[1025,343],"3":[50,293]},"meta":{"lastBranch":4,"lastFunction":5,"lastStatement":15,"seen":{"f:3:16:3:35":0,"b:4:2:6:Infinity:undefined:undefined:undefined:undefined":0,"s:4:2:6:Infinity":0,"b:4:6:4:22:4:22:4:41":1,"s:5:4:5:Infinity":1,"b:8:2:10:Infinity:undefined:undefined:undefined:undefined":2,"s:8:2:10:Infinity":2,"s:9:4:9:Infinity":3,"b:12:2:14:Infinity:undefined:undefined:undefined:undefined":3,"s:12:2:14:Infinity":4,"s:13:4:13:Infinity":5,"s:16:15:16:Infinity":6,"s:17:16:20:Infinity":7,"f:17:25:17:26":1,"s:18:19:18:Infinity":8,"s:19:4:19:Infinity":9,"s:22:2:22:Infinity":10,"f:25:16:25:23":2,"s:26:2:26:Infinity":11,"f:29:16:29:35":3,"s:30:15:30:Infinity":12,"s:31:2:31:Infinity":13,"f:34:16:34:32":4,"s:35:2:35:Infinity":14}}}
,"/home/runner/workspace/src/utils/index.ts": {"path":"/home/runner/workspace/src/utils/index.ts","statementMap":{},"fnMap":{},"branchMap":{},"s":{},"f":{},"b":{},"meta":{"lastBranch":0,"lastFunction":0,"lastStatement":0,"seen":{}}}
}
