{"/home/runner/workspace/src/index.ts": {"path":"/home/runner/workspace/src/index.ts","statementMap":{},"fnMap":{},"branchMap":{},"s":{},"f":{},"b":{},"meta":{"lastBranch":0,"lastFunction":0,"lastStatement":0,"seen":{}}}
,"/home/runner/workspace/src/engine/index.ts": {"path":"/home/runner/workspace/src/engine/index.ts","statementMap":{},"fnMap":{},"branchMap":{},"s":{},"f":{},"b":{},"meta":{"lastBranch":0,"lastFunction":0,"lastStatement":0,"seen":{}}}
,"/home/runner/workspace/src/engine/resolver.ts": {"path":"/home/runner/workspace/src/engine/resolver.ts","statementMap":{"0":{"start":{"line":13,"column":2},"end":{"line":13,"column":null}},"1":{"start":{"line":13,"column":22},"end":{"line":13,"column":null}},"2":{"start":{"line":15,"column":2},"end":{"line":18,"column":null}},"3":{"start":{"line":16,"column":26},"end":{"line":16,"column":null}},"4":{"start":{"line":17,"column":4},"end":{"line":17,"column":null}},"5":{"start":{"line":17,"column":40},"end":{"line":17,"column":null}},"6":{"start":{"line":20,"column":2},"end":{"line":23,"column":null}},"7":{"start":{"line":21,"column":27},"end":{"line":21,"column":null}},"8":{"start":{"line":22,"column":4},"end":{"line":22,"column":null}},"9":{"start":{"line":22,"column":41},"end":{"line":22,"column":null}},"10":{"start":{"line":25,"column":2},"end":{"line":25,"column":null}},"11":{"start":{"line":29,"column":2},"end":{"line":31,"column":null}},"12":{"start":{"line":30,"column":4},"end":{"line":30,"column":null}},"13":{"start":{"line":35,"column":2},"end":{"line":37,"column":null}},"14":{"start":{"line":36,"column":4},"end":{"line":36,"column":null}},"15":{"start":{"line":39,"column":2},"end":{"line":41,"column":null}},"16":{"start":{"line":40,"column":4},"end":{"line":40,"column":null}},"17":{"start":{"line":43,"column":2},"end":{"line":45,"column":null}},"18":{"start":{"line":44,"column":4},"end":{"line":44,"column":null}},"19":{"start":{"line":47,"column":2},"end":{"line":49,"column":null}},"20":{"start":{"line":48,"column":4},"end":{"line":48,"column":null}},"21":{"start":{"line":51,"column":2},"end":{"line":51,"column":null}},"22":{"start":{"line":55,"column":2},"end":{"line":64,"column":null}},"23":{"start":{"line":56,"column":10},"end":{"line":56,"column":null}},"24":{"start":{"line":57,"column":10},"end":{"line":57,"column":null}},"25":{"start":{"line":59,"column":4},"end":{"line":61,"column":null}},"26":{"start":{"line":60,"column":6},"end":{"line":60,"column":null}},"27":{"start":{"line":63,"column":4},"end":{"line":63,"column":null}},"28":{"start":{"line":70,"column":19},"end":{"line":70,"column":null}},"29":{"start":{"line":71,"column":24},"end":{"line":71,"column":null}},"30":{"start":{"line":73,"column":2},"end":{"line":97,"column":null}},"31":{"start":{"line":73,"column":15},"end":{"line":73,"column":18}},"32":{"start":{"line":74,"column":24},"end":{"line":74,"column":null}},"33":{"start":{"line":76,"column":4},"end":{"line":94,"column":null}},"34":{"start":{"line":77,"column":6},"end":{"line":93,"column":null}},"35":{"start":{"line":82,"column":26},"end":{"line":82,"column":null}},"36":{"start":{"line":83,"column":32},"end":{"line":83,"column":null}},"37":{"start":{"line":85,"column":8},"end":{"line":92,"column":null}},"38":{"start":{"line":86,"column":10},"end":{"line":90,"column":null}},"39":{"start":{"line":91,"column":10},"end":{"line":91,"column":null}},"40":{"start":{"line":96,"column":4},"end":{"line":96,"column":null}},"41":{"start":{"line":96,"column":24},"end":{"line":96,"column":null}},"42":{"start":{"line":99,"column":2},"end":{"line":99,"column":null}},"43":{"start":{"line":106,"column":2},"end":{"line":108,"column":null}},"44":{"start":{"line":107,"column":4},"end":{"line":107,"column":null}},"45":{"start":{"line":110,"column":25},"end":{"line":110,"column":null}},"46":{"start":{"line":112,"column":23},"end":{"line":114,"column":null}},"47":{"start":{"line":113,"column":15},"end":{"line":113,"column":null}},"48":{"start":{"line":116,"column":23},"end":{"line":116,"column":null}},"49":{"start":{"line":118,"column":48},"end":{"line":118,"column":null}},"50":{"start":{"line":119,"column":34},"end":{"line":119,"column":null}},"51":{"start":{"line":121,"column":2},"end":{"line":133,"column":null}},"52":{"start":{"line":122,"column":4},"end":{"line":122,"column":null}},"53":{"start":{"line":123,"column":4},"end":{"line":123,"column":null}},"54":{"start":{"line":125,"column":4},"end":{"line":132,"column":null}},"55":{"start":{"line":126,"column":6},"end":{"line":131,"column":null}},"56":{"start":{"line":135,"column":25},"end":{"line":135,"column":null}},"57":{"start":{"line":137,"column":26},"end":{"line":137,"column":null}},"58":{"start":{"line":138,"column":54},"end":{"line":138,"column":null}},"59":{"start":{"line":139,"column":2},"end":{"line":141,"column":null}},"60":{"start":{"line":140,"column":4},"end":{"line":140,"column":null}},"61":{"start":{"line":143,"column":8},"end":{"line":143,"column":null}},"62":{"start":{"line":145,"column":37},"end":{"line":151,"column":null}},"63":{"start":{"line":153,"column":2},"end":{"line":153,"column":null}}},"fnMap":{"0":{"name":"isLayerActive","decl":{"start":{"line":12,"column":9},"end":{"line":12,"column":23}},"loc":{"start":{"line":12,"column":76},"end":{"line":26,"column":null}},"line":12},"1":{"name":"validateTenantAccess","decl":{"start":{"line":28,"column":9},"end":{"line":28,"column":30}},"loc":{"start":{"line":28,"column":84},"end":{"line":32,"column":null}},"line":28},"2":{"name":"isLayerApplicable","decl":{"start":{"line":34,"column":9},"end":{"line":34,"column":27}},"loc":{"start":{"line":34,"column":84},"end":{"line":52,"column":null}},"line":34},"3":{"name":"sortLayers","decl":{"start":{"line":54,"column":9},"end":{"line":54,"column":20}},"loc":{"start":{"line":54,"column":71},"end":{"line":65,"column":null}},"line":54},"4":{"name":"(anonymous_4)","decl":{"start":{"line":55,"column":26},"end":{"line":55,"column":27}},"loc":{"start":{"line":55,"column":36},"end":{"line":64,"column":3}},"line":55},"5":{"name":"resolveSemanticTokens","decl":{"start":{"line":67,"column":9},"end":{"line":67,"column":null}},"loc":{"start":{"line":69,"column":33},"end":{"line":100,"column":null}},"line":69},"6":{"name":"resolveBranding","decl":{"start":{"line":102,"column":16},"end":{"line":102,"column":null}},"loc":{"start":{"line":105,"column":30},"end":{"line":154,"column":null}},"line":105},"7":{"name":"(anonymous_7)","decl":{"start":{"line":113,"column":4},"end":{"line":113,"column":5}},"loc":{"start":{"line":113,"column":15},"end":{"line":113,"column":null}},"line":113}},"branchMap":{"0":{"loc":{"start":{"line":13,"column":2},"end":{"line":13,"column":null}},"type":"if","locations":[{"start":{"line":13,"column":2},"end":{"line":13,"column":null}},{"start":{},"end":{}}],"line":13},"1":{"loc":{"start":{"line":15,"column":2},"end":{"line":18,"column":null}},"type":"if","locations":[{"start":{"line":15,"column":2},"end":{"line":18,"column":null}},{"start":{},"end":{}}],"line":15},"2":{"loc":{"start":{"line":17,"column":4},"end":{"line":17,"column":null}},"type":"if","locations":[{"start":{"line":17,"column":4},"end":{"line":17,"column":null}},{"start":{},"end":{}}],"line":17},"3":{"loc":{"start":{"line":20,"column":2},"end":{"line":23,"column":null}},"type":"if","locations":[{"start":{"line":20,"column":2},"end":{"line":23,"column":null}},{"start":{},"end":{}}],"line":20},"4":{"loc":{"start":{"line":22,"column":4},"end":{"line":22,"column":null}},"type":"if","locations":[{"start":{"line":22,"column":4},"end":{"line":22,"column":null}},{"start":{},"end":{}}],"line":22},"5":{"loc":{"start":{"line":29,"column":2},"end":{"line":31,"column":null}},"type":"if","locations":[{"start":{"line":29,"column":2},"end":{"line":31,"column":null}},{"start":{},"end":{}}],"line":29},"6":{"loc":{"start":{"line":29,"column":6},"end":{"line":29,"column":89}},"type":"binary-expr","locations":[{"start":{"line":29,"column":6},"end":{"line":29,"column":34}},{"start":{"line":29,"column":34},"end":{"line":29,"column":52}},{"start":{"line":29,"column":52},"end":{"line":29,"column":89}}],"line":29},"7":{"loc":{"start":{"line":35,"column":2},"end":{"line":37,"column":null}},"type":"if","locations":[{"start":{"line":35,"column":2},"end":{"line":37,"column":null}},{"start":{},"end":{}}],"line":35},"8":{"loc":{"start":{"line":35,"column":6},"end":{"line":35,"column":61}},"type":"binary-expr","locations":[{"start":{"line":35,"column":6},"end":{"line":35,"column":24}},{"start":{"line":35,"column":24},"end":{"line":35,"column":61}}],"line":35},"9":{"loc":{"start":{"line":39,"column":2},"end":{"line":41,"column":null}},"type":"if","locations":[{"start":{"line":39,"column":2},"end":{"line":41,"column":null}},{"start":{},"end":{}}],"line":39},"10":{"loc":{"start":{"line":39,"column":6},"end":{"line":39,"column":64}},"type":"binary-expr","locations":[{"start":{"line":39,"column":6},"end":{"line":39,"column":25}},{"start":{"line":39,"column":25},"end":{"line":39,"column":64}}],"line":39},"11":{"loc":{"start":{"line":43,"column":2},"end":{"line":45,"column":null}},"type":"if","locations":[{"start":{"line":43,"column":2},"end":{"line":45,"column":null}},{"start":{},"end":{}}],"line":43},"12":{"loc":{"start":{"line":43,"column":6},"end":{"line":43,"column":58}},"type":"binary-expr","locations":[{"start":{"line":43,"column":6},"end":{"line":43,"column":23}},{"start":{"line":43,"column":23},"end":{"line":43,"column":58}}],"line":43},"13":{"loc":{"start":{"line":47,"column":2},"end":{"line":49,"column":null}},"type":"if","locations":[{"start":{"line":47,"column":2},"end":{"line":49,"column":null}},{"start":{},"end":{}}],"line":47},"14":{"loc":{"start":{"line":47,"column":6},"end":{"line":47,"column":70}},"type":"binary-expr","locations":[{"start":{"line":47,"column":6},"end":{"line":47,"column":27}},{"start":{"line":47,"column":27},"end":{"line":47,"column":70}}],"line":47},"15":{"loc":{"start":{"line":59,"column":4},"end":{"line":61,"column":null}},"type":"if","locations":[{"start":{"line":59,"column":4},"end":{"line":61,"column":null}},{"start":{},"end":{}}],"line":59},"16":{"loc":{"start":{"line":77,"column":6},"end":{"line":93,"column":null}},"type":"if","locations":[{"start":{"line":77,"column":6},"end":{"line":93,"column":null}},{"start":{},"end":{}}],"line":77},"17":{"loc":{"start":{"line":78,"column":8},"end":{"line":80,"column":null}},"type":"binary-expr","locations":[{"start":{"line":78,"column":8},"end":{"line":78,"column":null}},{"start":{"line":79,"column":8},"end":{"line":79,"column":null}},{"start":{"line":80,"column":8},"end":{"line":80,"column":null}}],"line":78},"18":{"loc":{"start":{"line":85,"column":8},"end":{"line":92,"column":null}},"type":"if","locations":[{"start":{"line":85,"column":8},"end":{"line":92,"column":null}},{"start":{},"end":{}}],"line":85},"19":{"loc":{"start":{"line":85,"column":12},"end":{"line":85,"column":70}},"type":"binary-expr","locations":[{"start":{"line":85,"column":12},"end":{"line":85,"column":31}},{"start":{"line":85,"column":31},"end":{"line":85,"column":70}}],"line":85},"20":{"loc":{"start":{"line":96,"column":4},"end":{"line":96,"column":null}},"type":"if","locations":[{"start":{"line":96,"column":4},"end":{"line":96,"column":null}},{"start":{},"end":{}}],"line":96},"21":{"loc":{"start":{"line":106,"column":2},"end":{"line":108,"column":null}},"type":"if","locations":[{"start":{"line":106,"column":2},"end":{"line":108,"column":null}},{"start":{},"end":{}}],"line":106},"22":{"loc":{"start":{"line":113,"column":15},"end":{"line":113,"column":null}},"type":"binary-expr","locations":[{"start":{"line":113,"column":15},"end":{"line":113,"column":55}},{"start":{"line":113,"column":55},"end":{"line":113,"column":null}}],"line":113}},"s":{"0":154,"1":1,"2":153,"3":2,"4":2,"5":1,"6":152,"7":14,"8":14,"9":13,"10":139,"11":130,"12":0,"13":139,"14":9,"15":130,"16":0,"17":130,"18":0,"19":130,"20":0,"21":130,"22":53,"23":77,"24":77,"25":77,"26":76,"27":1,"28":53,"29":53,"30":53,"31":53,"32":56,"33":56,"34":135,"35":4,"36":4,"37":4,"38":4,"39":4,"40":56,"41":53,"42":53,"43":54,"44":1,"45":53,"46":53,"47":154,"48":53,"49":53,"50":53,"51":53,"52":130,"53":130,"54":130,"55":190,"56":53,"57":53,"58":53,"59":53,"60":125,"61":53,"62":53,"63":53},"f":{"0":154,"1":130,"2":139,"3":53,"4":77,"5":53,"6":54,"7":154},"b":{"0":[1,153],"1":[2,151],"2":[1,1],"3":[14,138],"4":[13,1],"5":[0,130],"6":[130,38,38],"7":[9,130],"8":[139,47],"9":[0,130],"10":[130,13],"11":[0,130],"12":[130,13],"13":[0,130],"14":[130,13],"15":[76,1],"16":[4,131],"17":[135,131,4],"18":[4,0],"19":[4,4],"20":[53,3],"21":[1,53],"22":[154,139]},"meta":{"lastBranch":23,"lastFunction":8,"lastStatement":64,"seen":{"f:12:9:12:23":0,"b:13:2:13:Infinity:undefined:undefined:undefined:undefined":0,"s:13:2:13:Infinity":0,"s:13:22:13:Infinity":1,"b:15:2:18:Infinity:undefined:undefined:undefined:undefined":1,"s:15:2:18:Infinity":2,"s:16:26:16:Infinity":3,"b:17:4:17:Infinity:undefined:undefined:undefined:undefined":2,"s:17:4:17:Infinity":4,"s:17:40:17:Infinity":5,"b:20:2:23:Infinity:undefined:undefined:undefined:undefined":3,"s:20:2:23:Infinity":6,"s:21:27:21:Infinity":7,"b:22:4:22:Infinity:undefined:undefined:undefined:undefined":4,"s:22:4:22:Infinity":8,"s:22:41:22:Infinity":9,"s:25:2:25:Infinity":10,"f:28:9:28:30":1,"b:29:2:31:Infinity:undefined:undefined:undefined:undefined":5,"s:29:2:31:Infinity":11,"b:29:6:29:34:29:34:29:52:29:52:29:89":6,"s:30:4:30:Infinity":12,"f:34:9:34:27":2,"b:35:2:37:Infinity:undefined:undefined:undefined:undefined":7,"s:35:2:37:Infinity":13,"b:35:6:35:24:35:24:35:61":8,"s:36:4:36:Infinity":14,"b:39:2:41:Infinity:undefined:undefined:undefined:undefined":9,"s:39:2:41:Infinity":15,"b:39:6:39:25:39:25:39:64":10,"s:40:4:40:Infinity":16,"b:43:2:45:Infinity:undefined:undefined:undefined:undefined":11,"s:43:2:45:Infinity":17,"b:43:6:43:23:43:23:43:58":12,"s:44:4:44:Infinity":18,"b:47:2:49:Infinity:undefined:undefined:undefined:undefined":13,"s:47:2:49:Infinity":19,"b:47:6:47:27:47:27:47:70":14,"s:48:4:48:Infinity":20,"s:51:2:51:Infinity":21,"f:54:9:54:20":3,"s:55:2:64:Infinity":22,"f:55:26:55:27":4,"s:56:10:56:Infinity":23,"s:57:10:57:Infinity":24,"b:59:4:61:Infinity:undefined:undefined:undefined:undefined":15,"s:59:4:61:Infinity":25,"s:60:6:60:Infinity":26,"s:63:4:63:Infinity":27,"f:67:9:67:Infinity":5,"s:70:19:70:Infinity":28,"s:71:24:71:Infinity":29,"s:73:2:97:Infinity":30,"s:73:15:73:18":31,"s:74:24:74:Infinity":32,"s:76:4:94:Infinity":33,"b:77:6:93:Infinity:undefined:undefined:undefined:undefined":16,"s:77:6:93:Infinity":34,"b:78:8:78:Infinity:79:8:79:Infinity:80:8:80:Infinity":17,"s:82:26:82:Infinity":35,"s:83:32:83:Infinity":36,"b:85:8:92:Infinity:undefined:undefined:undefined:undefined":18,"s:85:8:92:Infinity":37,"b:85:12:85:31:85:31:85:70":19,"s:86:10:90:Infinity":38,"s:91:10:91:Infinity":39,"b:96:4:96:Infinity:undefined:undefined:undefined:undefined":20,"s:96:4:96:Infinity":40,"s:96:24:96:Infinity":41,"s:99:2:99:Infinity":42,"f:102:16:102:Infinity":6,"b:106:2:108:Infinity:undefined:undefined:undefined:undefined":21,"s:106:2:108:Infinity":43,"s:107:4:107:Infinity":44,"s:110:25:110:Infinity":45,"s:112:23:114:Infinity":46,"f:113:4:113:5":7,"s:113:15:113:Infinity":47,"b:113:15:113:55:113:55:113:Infinity":22,"s:116:23:116:Infinity":48,"s:118:48:118:Infinity":49,"s:119:34:119:Infinity":50,"s:121:2:133:Infinity":51,"s:122:4:122:Infinity":52,"s:123:4:123:Infinity":53,"s:125:4:132:Infinity":54,"s:126:6:131:Infinity":55,"s:135:25:135:Infinity":56,"s:137:26:137:Infinity":57,"s:138:54:138:Infinity":58,"s:139:2:141:Infinity":59,"s:140:4:140:Infinity":60,"s:143:8:143:Infinity":61,"s:145:37:151:Infinity":62,"s:153:2:153:Infinity":63}}}
,"/home/runner/workspace/src/engine/snapshot.ts": {"path":"/home/runner/workspace/src/engine/snapshot.ts","statementMap":{"0":{"start":{"line":22,"column":2},"end":{"line":24,"column":null}},"1":{"start":{"line":23,"column":4},"end":{"line":23,"column":null}},"2":{"start":{"line":26,"column":22},"end":{"line":26,"column":null}},"3":{"start":{"line":27,"column":8},"end":{"line":27,"column":null}},"4":{"start":{"line":29,"column":19},"end":{"line":29,"column":null}},"5":{"start":{"line":29,"column":37},"end":{"line":29,"column":41}},"6":{"start":{"line":31,"column":23},"end":{"line":37,"column":null}},"7":{"start":{"line":39,"column":8},"end":{"line":39,"column":null}},"8":{"start":{"line":40,"column":8},"end":{"line":40,"column":null}},"9":{"start":{"line":42,"column":37},"end":{"line":46,"column":null}},"10":{"start":{"line":48,"column":2},"end":{"line":48,"column":null}},"11":{"start":{"line":55,"column":27},"end":{"line":55,"column":null}},"12":{"start":{"line":57,"column":2},"end":{"line":62,"column":null}},"13":{"start":{"line":58,"column":4},"end":{"line":58,"column":null}},"14":{"start":{"line":60,"column":4},"end":{"line":60,"column":null}},"15":{"start":{"line":61,"column":4},"end":{"line":61,"column":null}},"16":{"start":{"line":64,"column":63},"end":{"line":64,"column":null}},"17":{"start":{"line":65,"column":8},"end":{"line":65,"column":null}},"18":{"start":{"line":67,"column":2},"end":{"line":69,"column":null}},"19":{"start":{"line":68,"column":4},"end":{"line":68,"column":null}},"20":{"start":{"line":71,"column":8},"end":{"line":71,"column":null}},"21":{"start":{"line":72,"column":2},"end":{"line":74,"column":null}},"22":{"start":{"line":73,"column":4},"end":{"line":73,"column":null}},"23":{"start":{"line":76,"column":2},"end":{"line":82,"column":null}},"24":{"start":{"line":77,"column":23},"end":{"line":77,"column":null}},"25":{"start":{"line":78,"column":21},"end":{"line":78,"column":null}},"26":{"start":{"line":79,"column":4},"end":{"line":81,"column":null}},"27":{"start":{"line":80,"column":6},"end":{"line":80,"column":null}},"28":{"start":{"line":84,"column":2},"end":{"line":87,"column":null}},"29":{"start":{"line":95,"column":23},"end":{"line":95,"column":null}},"30":{"start":{"line":96,"column":2},"end":{"line":98,"column":null}},"31":{"start":{"line":97,"column":4},"end":{"line":97,"column":null}},"32":{"start":{"line":100,"column":2},"end":{"line":102,"column":null}},"33":{"start":{"line":101,"column":4},"end":{"line":101,"column":null}},"34":{"start":{"line":104,"column":2},"end":{"line":118,"column":null}},"35":{"start":{"line":105,"column":21},"end":{"line":105,"column":null}},"36":{"start":{"line":106,"column":25},"end":{"line":106,"column":null}},"37":{"start":{"line":108,"column":4},"end":{"line":110,"column":null}},"38":{"start":{"line":109,"column":6},"end":{"line":109,"column":null}},"39":{"start":{"line":112,"column":4},"end":{"line":117,"column":null}},"40":{"start":{"line":113,"column":25},"end":{"line":113,"column":null}},"41":{"start":{"line":114,"column":6},"end":{"line":116,"column":null}},"42":{"start":{"line":115,"column":8},"end":{"line":115,"column":null}},"43":{"start":{"line":120,"column":2},"end":{"line":120,"column":null}}},"fnMap":{"0":{"name":"generateBrandingSnapshot","decl":{"start":{"line":18,"column":16},"end":{"line":18,"column":null}},"loc":{"start":{"line":21,"column":30},"end":{"line":49,"column":null}},"line":21},"1":{"name":"(anonymous_1)","decl":{"start":{"line":29,"column":30},"end":{"line":29,"column":31}},"loc":{"start":{"line":29,"column":37},"end":{"line":29,"column":41}},"line":29},"2":{"name":"verifyBrandingSnapshot","decl":{"start":{"line":51,"column":16},"end":{"line":51,"column":null}},"loc":{"start":{"line":54,"column":40},"end":{"line":88,"column":null}},"line":54},"3":{"name":"resolveFromSnapshot","decl":{"start":{"line":90,"column":16},"end":{"line":90,"column":null}},"loc":{"start":{"line":94,"column":30},"end":{"line":121,"column":null}},"line":94}},"branchMap":{"0":{"loc":{"start":{"line":22,"column":2},"end":{"line":24,"column":null}},"type":"if","locations":[{"start":{"line":22,"column":2},"end":{"line":24,"column":null}},{"start":{},"end":{}}],"line":22},"1":{"loc":{"start":{"line":67,"column":2},"end":{"line":69,"column":null}},"type":"if","locations":[{"start":{"line":67,"column":2},"end":{"line":69,"column":null}},{"start":{},"end":{}}],"line":67},"2":{"loc":{"start":{"line":72,"column":2},"end":{"line":74,"column":null}},"type":"if","locations":[{"start":{"line":72,"column":2},"end":{"line":74,"column":null}},{"start":{},"end":{}}],"line":72},"3":{"loc":{"start":{"line":76,"column":2},"end":{"line":82,"column":null}},"type":"if","locations":[{"start":{"line":76,"column":2},"end":{"line":82,"column":null}},{"start":{},"end":{}}],"line":76},"4":{"loc":{"start":{"line":76,"column":6},"end":{"line":76,"column":35}},"type":"binary-expr","locations":[{"start":{"line":76,"column":6},"end":{"line":76,"column":19}},{"start":{"line":76,"column":19},"end":{"line":76,"column":35}}],"line":76},"5":{"loc":{"start":{"line":79,"column":4},"end":{"line":81,"column":null}},"type":"if","locations":[{"start":{"line":79,"column":4},"end":{"line":81,"column":null}},{"start":{},"end":{}}],"line":79},"6":{"loc":{"start":{"line":96,"column":2},"end":{"line":98,"column":null}},"type":"if","locations":[{"start":{"line":96,"column":2},"end":{"line":98,"column":null}},{"start":{},"end":{}}],"line":96},"7":{"loc":{"start":{"line":100,"column":2},"end":{"line":102,"column":null}},"type":"if","locations":[{"start":{"line":100,"column":2},"end":{"line":102,"column":null}},{"start":{},"end":{}}],"line":100},"8":{"loc":{"start":{"line":100,"column":6},"end":{"line":100,"column":72}},"type":"binary-expr","locations":[{"start":{"line":100,"column":6},"end":{"line":100,"column":25}},{"start":{"line":100,"column":25},"end":{"line":100,"column":72}}],"line":100},"9":{"loc":{"start":{"line":104,"column":2},"end":{"line":118,"column":null}},"type":"if","locations":[{"start":{"line":104,"column":2},"end":{"line":118,"column":null}},{"start":{},"end":{}}],"line":104},"10":{"loc":{"start":{"line":108,"column":4},"end":{"line":110,"column":null}},"type":"if","locations":[{"start":{"line":108,"column":4},"end":{"line":110,"column":null}},{"start":{},"end":{}}],"line":108},"11":{"loc":{"start":{"line":112,"column":4},"end":{"line":117,"column":null}},"type":"if","locations":[{"start":{"line":112,"column":4},"end":{"line":117,"column":null}},{"start":{},"end":{}}],"line":112},"12":{"loc":{"start":{"line":114,"column":6},"end":{"line":116,"column":null}},"type":"if","locations":[{"start":{"line":114,"column":6},"end":{"line":116,"column":null}},{"start":{},"end":{}}],"line":114}},"s":{"0":22,"1":1,"2":21,"3":21,"4":21,"5":82,"6":21,"7":21,"8":21,"9":21,"10":21,"11":9,"12":9,"13":9,"14":0,"15":0,"16":9,"17":9,"18":9,"19":2,"20":9,"21":9,"22":2,"23":9,"24":0,"25":0,"26":0,"27":0,"28":9,"29":4,"30":4,"31":1,"32":3,"33":1,"34":2,"35":0,"36":0,"37":0,"38":0,"39":0,"40":0,"41":0,"42":0,"43":2},"f":{"0":22,"1":82,"2":9,"3":4},"b":{"0":[1,21],"1":[2,7],"2":[2,7],"3":[0,9],"4":[9,0],"5":[0,0],"6":[1,3],"7":[1,2],"8":[3,1],"9":[0,2],"10":[0,0],"11":[0,0],"12":[0,0]},"meta":{"lastBranch":13,"lastFunction":4,"lastStatement":44,"seen":{"f:18:16:18:Infinity":0,"b:22:2:24:Infinity:undefined:undefined:undefined:undefined":0,"s:22:2:24:Infinity":0,"s:23:4:23:Infinity":1,"s:26:22:26:Infinity":2,"s:27:8:27:Infinity":3,"s:29:19:29:Infinity":4,"f:29:30:29:31":1,"s:29:37:29:41":5,"s:31:23:37:Infinity":6,"s:39:8:39:Infinity":7,"s:40:8:40:Infinity":8,"s:42:37:46:Infinity":9,"s:48:2:48:Infinity":10,"f:51:16:51:Infinity":2,"s:55:27:55:Infinity":11,"s:57:2:62:Infinity":12,"s:58:4:58:Infinity":13,"s:60:4:60:Infinity":14,"s:61:4:61:Infinity":15,"s:64:63:64:Infinity":16,"s:65:8:65:Infinity":17,"b:67:2:69:Infinity:undefined:undefined:undefined:undefined":1,"s:67:2:69:Infinity":18,"s:68:4:68:Infinity":19,"s:71:8:71:Infinity":20,"b:72:2:74:Infinity:undefined:undefined:undefined:undefined":2,"s:72:2:74:Infinity":21,"s:73:4:73:Infinity":22,"b:76:2:82:Infinity:undefined:undefined:undefined:undefined":3,"s:76:2:82:Infinity":23,"b:76:6:76:19:76:19:76:35":4,"s:77:23:77:Infinity":24,"s:78:21:78:Infinity":25,"b:79:4:81:Infinity:undefined:undefined:undefined:undefined":5,"s:79:4:81:Infinity":26,"s:80:6:80:Infinity":27,"s:84:2:87:Infinity":28,"f:90:16:90:Infinity":3,"s:95:23:95:Infinity":29,"b:96:2:98:Infinity:undefined:undefined:undefined:undefined":6,"s:96:2:98:Infinity":30,"s:97:4:97:Infinity":31,"b:100:2:102:Infinity:undefined:undefined:undefined:undefined":7,"s:100:2:102:Infinity":32,"b:100:6:100:25:100:25:100:72":8,"s:101:4:101:Infinity":33,"b:104:2:118:Infinity:undefined:undefined:undefined:undefined":9,"s:104:2:118:Infinity":34,"s:105:21:105:Infinity":35,"s:106:25:106:Infinity":36,"b:108:4:110:Infinity:undefined:undefined:undefined:undefined":10,"s:108:4:110:Infinity":37,"s:109:6:109:Infinity":38,"b:112:4:117:Infinity:undefined:undefined:undefined:undefined":11,"s:112:4:117:Infinity":39,"s:113:25:113:Infinity":40,"b:114:6:116:Infinity:undefined:undefined:undefined:undefined":12,"s:114:6:116:Infinity":41,"s:115:8:115:Infinity":42,"s:120:2:120:Infinity":43}}}
,"/home/runner/workspace/src/errors/index.ts": {"path":"/home/runner/workspace/src/errors/index.ts","statementMap":{"0":{"start":{"line":2,"column":18},"end":{"line":2,"column":null}},"1":{"start":{"line":7,"column":4},"end":{"line":9,"column":null}},"2":{"start":{"line":10,"column":4},"end":{"line":10,"column":null}},"3":{"start":{"line":11,"column":4},"end":{"line":11,"column":null}},"4":{"start":{"line":12,"column":4},"end":{"line":12,"column":null}},"5":{"start":{"line":13,"column":4},"end":{"line":13,"column":null}},"6":{"start":{"line":18,"column":18},"end":{"line":18,"column":null}},"7":{"start":{"line":23,"column":4},"end":{"line":25,"column":null}},"8":{"start":{"line":26,"column":4},"end":{"line":26,"column":null}},"9":{"start":{"line":27,"column":4},"end":{"line":27,"column":null}},"10":{"start":{"line":28,"column":4},"end":{"line":28,"column":null}},"11":{"start":{"line":29,"column":4},"end":{"line":29,"column":null}}},"fnMap":{"0":{"name":"(anonymous_0)","decl":{"start":{"line":6,"column":2},"end":{"line":6,"column":14}},"loc":{"start":{"line":6,"column":65},"end":{"line":14,"column":null}},"line":6},"1":{"name":"(anonymous_1)","decl":{"start":{"line":22,"column":2},"end":{"line":22,"column":14}},"loc":{"start":{"line":22,"column":65},"end":{"line":30,"column":null}},"line":22}},"branchMap":{},"s":{"0":0,"1":0,"2":0,"3":0,"4":0,"5":0,"6":1,"7":1,"8":1,"9":1,"10":1,"11":1},"f":{"0":0,"1":1},"b":{},"meta":{"lastBranch":0,"lastFunction":2,"lastStatement":12,"seen":{"s:2:18:2:Infinity":0,"f:6:2:6:14":0,"s:7:4:9:Infinity":1,"s:10:4:10:Infinity":2,"s:11:4:11:Infinity":3,"s:12:4:12:Infinity":4,"s:13:4:13:Infinity":5,"s:18:18:18:Infinity":6,"f:22:2:22:14":1,"s:23:4:25:Infinity":7,"s:26:4:26:Infinity":8,"s:27:4:27:Infinity":9,"s:28:4:28:Infinity":10,"s:29:4:29:Infinity":11}}}
,"/home/runner/workspace/src/models/branding.ts": {"path":"/home/runner/workspace/src/models/branding.ts","statementMap":{"0":{"start":{"line":4,"column":36},"end":{"line":11,"column":null}},"1":{"start":{"line":13,"column":40},"end":{"line":20,"column":null}},"2":{"start":{"line":22,"column":35},"end":{"line":35,"column":null}},"3":{"start":{"line":37,"column":37},"end":{"line":44,"column":null}},"4":{"start":{"line":46,"column":35},"end":{"line":52,"column":null}},"5":{"start":{"line":54,"column":38},"end":{"line":60,"column":null}},"6":{"start":{"line":62,"column":38},"end":{"line":71,"column":null}},"7":{"start":{"line":81,"column":58},"end":{"line":88,"column":null}},"8":{"start":{"line":91,"column":2},"end":{"line":91,"column":null}}},"fnMap":{"0":{"name":"getHierarchyPriority","decl":{"start":{"line":90,"column":16},"end":{"line":90,"column":37}},"loc":{"start":{"line":90,"column":68},"end":{"line":92,"column":null}},"line":90}},"branchMap":{},"s":{"0":1,"1":1,"2":1,"3":1,"4":1,"5":1,"6":1,"7":1,"8":154},"f":{"0":154},"b":{},"meta":{"lastBranch":0,"lastFunction":1,"lastStatement":9,"seen":{"s:4:36:11:Infinity":0,"s:13:40:20:Infinity":1,"s:22:35:35:Infinity":2,"s:37:37:44:Infinity":3,"s:46:35:52:Infinity":4,"s:54:38:60:Infinity":5,"s:62:38:71:Infinity":6,"s:81:58:88:Infinity":7,"f:90:16:90:37":0,"s:91:2:91:Infinity":8}}}
,"/home/runner/workspace/src/models/index.ts": {"path":"/home/runner/workspace/src/models/index.ts","statementMap":{},"fnMap":{},"branchMap":{},"s":{},"f":{},"b":{},"meta":{"lastBranch":0,"lastFunction":0,"lastStatement":0,"seen":{}}}
,"/home/runner/workspace/src/models/tokens.ts": {"path":"/home/runner/workspace/src/models/tokens.ts","statementMap":{"0":{"start":{"line":3,"column":36},"end":{"line":8,"column":null}},"1":{"start":{"line":10,"column":35},"end":{"line":15,"column":null}},"2":{"start":{"line":17,"column":32},"end":{"line":22,"column":null}},"3":{"start":{"line":24,"column":37},"end":{"line":29,"column":null}},"4":{"start":{"line":31,"column":27},"end":{"line":36,"column":null}}},"fnMap":{},"branchMap":{},"s":{"0":1,"1":1,"2":1,"3":1,"4":1},"f":{},"b":{},"meta":{"lastBranch":0,"lastFunction":0,"lastStatement":5,"seen":{"s:3:36:8:Infinity":0,"s:10:35:15:Infinity":1,"s:17:32:22:Infinity":2,"s:24:37:29:Infinity":3,"s:31:27:36:Infinity":4}}}
,"/home/runner/workspace/src/utils/freeze.ts": {"path":"/home/runner/workspace/src/utils/freeze.ts","statementMap":{"0":{"start":{"line":2,"column":2},"end":{"line":4,"column":null}},"1":{"start":{"line":3,"column":4},"end":{"line":3,"column":null}},"2":{"start":{"line":6,"column":2},"end":{"line":8,"column":null}},"3":{"start":{"line":7,"column":4},"end":{"line":7,"column":null}},"4":{"start":{"line":10,"column":2},"end":{"line":12,"column":null}},"5":{"start":{"line":11,"column":4},"end":{"line":11,"column":null}},"6":{"start":{"line":14,"column":2},"end":{"line":14,"column":null}},"7":{"start":{"line":16,"column":2},"end":{"line":27,"column":null}},"8":{"start":{"line":17,"column":4},"end":{"line":19,"column":null}},"9":{"start":{"line":18,"column":6},"end":{"line":18,"column":null}},"10":{"start":{"line":21,"column":4},"end":{"line":26,"column":null}},"11":{"start":{"line":22,"column":21},"end":{"line":22,"column":null}},"12":{"start":{"line":23,"column":6},"end":{"line":25,"column":null}},"13":{"start":{"line":24,"column":8},"end":{"line":24,"column":null}},"14":{"start":{"line":29,"column":2},"end":{"line":29,"column":null}}},"fnMap":{"0":{"name":"deepFreeze","decl":{"start":{"line":1,"column":16},"end":{"line":1,"column":30}},"loc":{"start":{"line":1,"column":51},"end":{"line":30,"column":null}},"line":1}},"branchMap":{"0":{"loc":{"start":{"line":2,"column":2},"end":{"line":4,"column":null}},"type":"if","locations":[{"start":{"line":2,"column":2},"end":{"line":4,"column":null}},{"start":{},"end":{}}],"line":2},"1":{"loc":{"start":{"line":2,"column":6},"end":{"line":2,"column":41}},"type":"binary-expr","locations":[{"start":{"line":2,"column":6},"end":{"line":2,"column":22}},{"start":{"line":2,"column":22},"end":{"line":2,"column":41}}],"line":2},"2":{"loc":{"start":{"line":6,"column":2},"end":{"line":8,"column":null}},"type":"if","locations":[{"start":{"line":6,"column":2},"end":{"line":8,"column":null}},{"start":{},"end":{}}],"line":6},"3":{"loc":{"start":{"line":10,"column":2},"end":{"line":12,"column":null}},"type":"if","locations":[{"start":{"line":10,"column":2},"end":{"line":12,"column":null}},{"start":{},"end":{}}],"line":10},"4":{"loc":{"start":{"line":16,"column":2},"end":{"line":27,"column":null}},"type":"if","locations":[{"start":{"line":16,"column":2},"end":{"line":27,"column":null}},{"start":{"line":20,"column":9},"end":{"line":27,"column":null}}],"line":16},"5":{"loc":{"start":{"line":23,"column":6},"end":{"line":25,"column":null}},"type":"if","locations":[{"start":{"line":23,"column":6},"end":{"line":25,"column":null}},{"start":{},"end":{}}],"line":23},"6":{"loc":{"start":{"line":23,"column":10},"end":{"line":23,"column":55}},"type":"binary-expr","locations":[{"start":{"line":23,"column":10},"end":{"line":23,"column":28}},{"start":{"line":23,"column":28},"end":{"line":23,"column":55}}],"line":23}},"s":{"0":610,"1":0,"2":610,"3":218,"4":392,"5":34,"6":358,"7":358,"8":84,"9":219,"10":274,"11":1090,"12":1090,"13":305,"14":358},"f":{"0":610},"b":{"0":[0,610],"1":[610,610],"2":[218,392],"3":[34,358],"4":[84,274],"5":[305,785],"6":[1090,1090]},"meta":{"lastBranch":7,"lastFunction":1,"lastStatement":15,"seen":{"f:1:16:1:30":0,"b:2:2:4:Infinity:undefined:undefined:undefined:undefined":0,"s:2:2:4:Infinity":0,"b:2:6:2:22:2:22:2:41":1,"s:3:4:3:Infinity":1,"b:6:2:8:Infinity:undefined:undefined:undefined:undefined":2,"s:6:2:8:Infinity":2,"s:7:4:7:Infinity":3,"b:10:2:12:Infinity:undefined:undefined:undefined:undefined":3,"s:10:2:12:Infinity":4,"s:11:4:11:Infinity":5,"s:14:2:14:Infinity":6,"b:16:2:27:Infinity:20:9:27:Infinity":4,"s:16:2:27:Infinity":7,"s:17:4:19:Infinity":8,"s:18:6:18:Infinity":9,"s:21:4:26:Infinity":10,"s:22:21:22:Infinity":11,"b:23:6:25:Infinity:undefined:undefined:undefined:undefined":5,"s:23:6:25:Infinity":12,"b:23:10:23:28:23:28:23:55":6,"s:24:8:24:Infinity":13,"s:29:2:29:Infinity":14}}}
,"/home/runner/workspace/src/utils/hash.ts": {"path":"/home/runner/workspace/src/utils/hash.ts","statementMap":{"0":{"start":{"line":4,"column":2},"end":{"line":6,"column":null}},"1":{"start":{"line":5,"column":4},"end":{"line":5,"column":null}},"2":{"start":{"line":8,"column":2},"end":{"line":10,"column":null}},"3":{"start":{"line":9,"column":4},"end":{"line":9,"column":null}},"4":{"start":{"line":12,"column":2},"end":{"line":14,"column":null}},"5":{"start":{"line":13,"column":4},"end":{"line":13,"column":null}},"6":{"start":{"line":16,"column":15},"end":{"line":16,"column":null}},"7":{"start":{"line":17,"column":16},"end":{"line":20,"column":null}},"8":{"start":{"line":18,"column":19},"end":{"line":18,"column":null}},"9":{"start":{"line":19,"column":4},"end":{"line":19,"column":null}},"10":{"start":{"line":22,"column":2},"end":{"line":22,"column":null}},"11":{"start":{"line":26,"column":2},"end":{"line":26,"column":null}},"12":{"start":{"line":30,"column":15},"end":{"line":30,"column":null}},"13":{"start":{"line":31,"column":2},"end":{"line":31,"column":null}},"14":{"start":{"line":35,"column":2},"end":{"line":35,"column":null}}},"fnMap":{"0":{"name":"canonicalStringify","decl":{"start":{"line":3,"column":16},"end":{"line":3,"column":35}},"loc":{"start":{"line":3,"column":57},"end":{"line":23,"column":null}},"line":3},"1":{"name":"(anonymous_1)","decl":{"start":{"line":17,"column":25},"end":{"line":17,"column":26}},"loc":{"start":{"line":17,"column":34},"end":{"line":20,"column":3}},"line":17},"2":{"name":"sha256","decl":{"start":{"line":25,"column":16},"end":{"line":25,"column":23}},"loc":{"start":{"line":25,"column":45},"end":{"line":27,"column":null}},"line":25},"3":{"name":"generateSnapshotId","decl":{"start":{"line":29,"column":16},"end":{"line":29,"column":35}},"loc":{"start":{"line":29,"column":80},"end":{"line":32,"column":null}},"line":29},"4":{"name":"computeChecksum","decl":{"start":{"line":34,"column":16},"end":{"line":34,"column":32}},"loc":{"start":{"line":34,"column":55},"end":{"line":36,"column":null}},"line":34}},"branchMap":{"0":{"loc":{"start":{"line":4,"column":2},"end":{"line":6,"column":null}},"type":"if","locations":[{"start":{"line":4,"column":2},"end":{"line":6,"column":null}},{"start":{},"end":{}}],"line":4},"1":{"loc":{"start":{"line":4,"column":6},"end":{"line":4,"column":41}},"type":"binary-expr","locations":[{"start":{"line":4,"column":6},"end":{"line":4,"column":22}},{"start":{"line":4,"column":22},"end":{"line":4,"column":41}}],"line":4},"2":{"loc":{"start":{"line":8,"column":2},"end":{"line":10,"column":null}},"type":"if","locations":[{"start":{"line":8,"column":2},"end":{"line":10,"column":null}},{"start":{},"end":{}}],"line":8},"3":{"loc":{"start":{"line":12,"column":2},"end":{"line":14,"column":null}},"type":"if","locations":[{"start":{"line":12,"column":2},"end":{"line":14,"column":null}},{"start":{},"end":{}}],"line":12}},"s":{"0":1528,"1":0,"2":1528,"3":1131,"4":397,"5":60,"6":337,"7":337,"8":1228,"9":1228,"10":337,"11":113,"12":30,"13":30,"14":30},"f":{"0":1528,"1":1228,"2":113,"3":30,"4":30},"b":{"0":[0,1528],"1":[1528,1528],"2":[1131,397],"3":[60,337]},"meta":{"lastBranch":4,"lastFunction":5,"lastStatement":15,"seen":{"f:3:16:3:35":0,"b:4:2:6:Infinity:undefined:undefined:undefined:undefined":0,"s:4:2:6:Infinity":0,"b:4:6:4:22:4:22:4:41":1,"s:5:4:5:Infinity":1,"b:8:2:10:Infinity:undefined:undefined:undefined:undefined":2,"s:8:2:10:Infinity":2,"s:9:4:9:Infinity":3,"b:12:2:14:Infinity:undefined:undefined:undefined:undefined":3,"s:12:2:14:Infinity":4,"s:13:4:13:Infinity":5,"s:16:15:16:Infinity":6,"s:17:16:20:Infinity":7,"f:17:25:17:26":1,"s:18:19:18:Infinity":8,"s:19:4:19:Infinity":9,"s:22:2:22:Infinity":10,"f:25:16:25:23":2,"s:26:2:26:Infinity":11,"f:29:16:29:35":3,"s:30:15:30:Infinity":12,"s:31:2:31:Infinity":13,"f:34:16:34:32":4,"s:35:2:35:Infinity":14}}}
,"/home/runner/workspace/src/utils/index.ts": {"path":"/home/runner/workspace/src/utils/index.ts","statementMap":{},"fnMap":{},"branchMap":{},"s":{},"f":{},"b":{},"meta":{"lastBranch":0,"lastFunction":0,"lastStatement":0,"seen":{}}}
}
